Determining if the pthread_create exist failed with the following output:
Change Dir: /home/maitreya/ros_ws/src/beginner_tutorials/build/CMakeFiles/CMakeTmp

Run Build Command:"/usr/bin/make" "cmTC_de6fe/fast"
/usr/bin/make -f CMakeFiles/cmTC_de6fe.dir/build.make CMakeFiles/cmTC_de6fe.dir/build
make[1]: Entering directory '/home/maitreya/ros_ws/src/beginner_tutorials/build/CMakeFiles/CMakeTmp'
Building C object CMakeFiles/cmTC_de6fe.dir/CheckSymbolExists.c.o
/usr/bin/cc    -o CMakeFiles/cmTC_de6fe.dir/CheckSymbolExists.c.o   -c /home/maitreya/ros_ws/src/beginner_tutorials/build/CMakeFiles/CMakeTmp/CheckSymbolExists.c
Linking C executable cmTC_de6fe
/usr/bin/cmake -E cmake_link_script CMakeFiles/cmTC_de6fe.dir/link.txt --verbose=1
/usr/bin/cc      -rdynamic CMakeFiles/cmTC_de6fe.dir/CheckSymbolExists.c.o  -o cmTC_de6fe 
CMakeFiles/cmTC_de6fe.dir/CheckSymbolExists.c.o: In function `main':
CheckSymbolExists.c:(.text+0x1b): undefined reference to `pthread_create'
collect2: error: ld returned 1 exit status
CMakeFiles/cmTC_de6fe.dir/build.make:97: recipe for target 'cmTC_de6fe' failed
make[1]: *** [cmTC_de6fe] Error 1
make[1]: Leaving directory '/home/maitreya/ros_ws/src/beginner_tutorials/build/CMakeFiles/CMakeTmp'
Makefile:126: recipe for target 'cmTC_de6fe/fast' failed
make: *** [cmTC_de6fe/fast] Error 2

File /home/maitreya/ros_ws/src/beginner_tutorials/build/CMakeFiles/CMakeTmp/CheckSymbolExists.c:
/* */
#include <pthread.h>

int main(int argc, char** argv)
{
  (void)argv;
#ifndef pthread_create
  return ((int*)(&pthread_create))[argc];
#else
  (void)argc;
  return 0;
#endif
}

Determining if the function pthread_create exists in the pthreads failed with the following output:
Change Dir: /home/maitreya/ros_ws/src/beginner_tutorials/build/CMakeFiles/CMakeTmp

Run Build Command:"/usr/bin/make" "cmTC_d1d84/fast"
/usr/bin/make -f CMakeFiles/cmTC_d1d84.dir/build.make CMakeFiles/cmTC_d1d84.dir/build
make[1]: Entering directory '/home/maitreya/ros_ws/src/beginner_tutorials/build/CMakeFiles/CMakeTmp'
Building C object CMakeFiles/cmTC_d1d84.dir/CheckFunctionExists.c.o
/usr/bin/cc   -DCHECK_FUNCTION_EXISTS=pthread_create   -o CMakeFiles/cmTC_d1d84.dir/CheckFunctionExists.c.o   -c /usr/share/cmake-3.10/Modules/CheckFunctionExists.c
Linking C executable cmTC_d1d84
/usr/bin/cmake -E cmake_link_script CMakeFiles/cmTC_d1d84.dir/link.txt --verbose=1
/usr/bin/cc  -DCHECK_FUNCTION_EXISTS=pthread_create    -rdynamic CMakeFiles/cmTC_d1d84.dir/CheckFunctionExists.c.o  -o cmTC_d1d84 -lpthreads 
/usr/bin/ld: cannot find -lpthreads
collect2: error: ld returned 1 exit status
CMakeFiles/cmTC_d1d84.dir/build.make:97: recipe for target 'cmTC_d1d84' failed
make[1]: *** [cmTC_d1d84] Error 1
make[1]: Leaving directory '/home/maitreya/ros_ws/src/beginner_tutorials/build/CMakeFiles/CMakeTmp'
Makefile:126: recipe for target 'cmTC_d1d84/fast' failed
make: *** [cmTC_d1d84/fast] Error 2


